 using fractional land data from file= 
 /glade/p/cesm/cseg/inputdata/lnd/clm2/mappingdata/maps/10x15/map_0.5x0.5_landus
 e_to_10x15_aave_da_110307.nc to create the surface dataset
 PFTs from:                  
 /glade/p/cesm/cseg/inputdata/lnd/clm2/rawdata/pftlandusedyn.0.5x0.5.simyr1850-2
 005.c090630/mksrf_landuse_rc1850_c090630.nc
 fmax from:                  
 /glade/p/cesm/cseg/inputdata/lnd/clm2/rawdata/mksrf_fmax.070406.nc
 glaciers from:              
 /glade/p/cesm/cseg/inputdata/lnd/clm2/rawdata/mksrf_glacier_3x3min_simyr2000.c1
 20926.nc
            with:                       0  glacier elevation classes
 urban topography from:      
 /glade/p/cesm/cseg/inputdata/lnd/clm2/rawdata/mksrf_topo.10min.c080912.nc
 land topography from:       
 /glade/p/cesm/cseg/inputdata/lnd/clm2/rawdata/topodata_10min_USGS_071205.nc
 urban from:                 
 /glade/p/cesm/cseg/inputdata/lnd/clm2/rawdata/mksrf_urban_3den_0.5x0.5_simyr200
 0.c090223_v1.nc
 inland lake from:           
 /glade/p/cesm/cseg/inputdata/lnd/clm2/rawdata/mksrf_lanwat.050425.nc
 inland wetland from:        
 /glade/p/cesm/cseg/inputdata/lnd/clm2/rawdata/mksrf_lanwat.050425.nc
 soil texture from:          
 /glade/p/cesm/cseg/inputdata/lnd/clm2/rawdata/mksrf_soitex.10level.c010119.nc
 soil organic from:          
 /glade/p/cesm/cseg/inputdata/lnd/clm2/rawdata/mksrf_organic.10level.0.5deg.0811
 12.nc
 soil color from:            
 /glade/p/cesm/cseg/inputdata/lnd/clm2/rawdata/pftlandusedyn.0.5x0.5.simyr1850-2
 005.c090630/mksrf_soilcol_global_c090324.nc
 VOC emission factors from:  
 /glade/p/cesm/cseg/inputdata/lnd/clm2/rawdata/mksrf_vocef_0.5x0.5_simyr2000.c11
 0531.nc
  mapping for pft             
 /glade/p/cesm/cseg/inputdata/lnd/clm2/mappingdata/maps/10x15/map_0.5x0.5_landus
 e_to_10x15_aave_da_110307.nc
  mapping for lake water      
 /glade/p/cesm/cseg/inputdata/lnd/clm2/mappingdata/maps/10x15/map_0.5x0.5_lanwat
 _to_10x15_aave_da_110307.nc
  mapping for wetland         
 /glade/p/cesm/cseg/inputdata/lnd/clm2/mappingdata/maps/10x15/map_0.5x0.5_lanwat
 _to_10x15_aave_da_110307.nc
  mapping for glacier         
 /glade/p/cesm/cseg/inputdata/lnd/clm2/mappingdata/maps/10x15/map_3x3min_GLOBE-G
 ardner_to_10x15_nomask_aave_da_c120923.nc
  mapping for soil texture    
 /glade/p/cesm/cseg/inputdata/lnd/clm2/mappingdata/maps/10x15/map_5minx5min_soit
 ex_to_10x15_aave_da_110307.nc
  mapping for soil color      
 /glade/p/cesm/cseg/inputdata/lnd/clm2/mappingdata/maps/10x15/map_0.5x0.5_landus
 e_to_10x15_aave_da_110307.nc
  mapping for soil organic    
 /glade/p/cesm/cseg/inputdata/lnd/clm2/mappingdata/maps/10x15/map_0.5x0.5_landus
 e_to_10x15_aave_da_110307.nc
  mapping for urban           
 /glade/p/cesm/cseg/inputdata/lnd/clm2/mappingdata/maps/10x15/map_0.5x0.5_landus
 e_to_10x15_aave_da_110307.nc
  mapping for fmax            
 /glade/p/cesm/cseg/inputdata/lnd/clm2/mappingdata/maps/10x15/map_0.5x0.5_fmax_t
 o_10x15_aave_da_110725.nc
  mapping for VOC pct emis    
 /glade/p/cesm/cseg/inputdata/lnd/clm2/mappingdata/maps/10x15/map_0.5x0.5_lanwat
 _to_10x15_aave_da_110307.nc
  mapping for harvest         
 /glade/p/cesm/cseg/inputdata/lnd/clm2/mappingdata/maps/10x15/map_0.5x0.5_landus
 e_to_10x15_aave_da_110307.nc
  mapping for lai/sai         
 /glade/p/cesm/cseg/inputdata/lnd/clm2/mappingdata/maps/10x15/map_0.5x0.5_landus
 e_to_10x15_aave_da_110307.nc
  mapping for urb topography  
 /glade/p/cesm/cseg/inputdata/lnd/clm2/mappingdata/maps/10x15/map_10minx10min_to
 po_to_10x15_aave_da_110307.nc
  mapping for land topography 
 /glade/p/cesm/cseg/inputdata/lnd/clm2/mappingdata/maps/10x15/map_10minx10min_to
 po_to_10x15_aave_da_110307.nc
 
 ======================================================================
 PFTs Output
 ======================================================================
 
 ......................................................................
 plant type                          input grid area output grid area
                                       10**6 km**2      10**6 km**2
 ......................................................................
 
 not vegetated                                55.525           55.525
 needleleaf evergreen temperate tree           5.766            5.766
 needleleaf evergreen boreal tree             10.907           10.907
 needleleaf deciduous boreal tree              1.528            1.528
 broadleaf evergreen tropical tree            15.177           15.177
 broadleaf evergreen temperate tree            2.539            2.539
 broadleaf deciduous tropical tree             9.729            9.729
 broadleaf deciduous temperate tree            6.868            6.868
 broadleaf deciduous boreal tree               2.275            2.275
 broadleaf evergreen shrub                     0.282            0.282
 broadleaf deciduous temperate shrub           7.126            7.126
 broadleaf deciduous boreal shrub              9.042            9.042
 c3 arctic grass                               4.835            4.835
 c3 non-arctic grass                          15.483           15.483
 c4 grass                                     12.828           12.828
 c3_crop                                       5.572            5.572
 c4_crop                                       0.000            0.000
 
 ======================================================================
 Inland Water Output
 ======================================================================
 
 ......................................................................
 surface type   input grid area  output grid area
                  10**6 km**2      10**6 km**2   
 ......................................................................
 
 lakes                0.797            0.703
 all surface        510.100          510.100
 
 ======================================================================
 Inland Water Output
 ======================================================================
 
 ......................................................................
 surface type   input grid area  output grid area
                  10**6 km**2      10**6 km**2   
 ......................................................................
 
 wetlands             1.332            3.577
 all surface        510.100          510.100
 
 ======================================================================
 Glacier Output
 ======================================================================
 
 ......................................................................
 surface type   input grid area  output grid area
                  10**6 km**2      10**6 km**2   
 ......................................................................
 
 glaciers            16.107           16.071
 all surface        510.100          510.100
 
 ======================================================================
 Soil Texture Output
 ======================================================================
 
 The following table of soil texture classes is for comparison only.
 The actual data is continuous %sand, %silt and %clay not textural classes
 
 
 ......................................................................
 soil texture class                  input grid area output grid area
                                       10**6 km**2      10**6 km**2
 ......................................................................
 
 no soil: ocean, glacier, lake, no data           0.000            0.000
 clays                                          126.559          132.091
 sands                                          498.523          608.894
 loams                                          624.788          520.021
 silts                                           32.787           21.652
 
 ======================================================================
 Soil Color Output
 ======================================================================
 
 ......................................................................
 soil color type                     input grid area output grid area
                                       10**6 km**2      10**6 km**2
 ......................................................................
 
 no soil                                       0.000            3.464
 class 1: light                                0.888            1.747
 class 2:                                      1.095            1.191
 class 3:                                      1.667            0.013
 class 4:                                      2.350            2.582
 class 5:                                      2.694            6.918
 class 6:                                      2.861            4.676
 class 7:                                      3.166            0.195
 class 8:                                      3.039            0.000
 class 9:                                      3.122            0.000
 class 10:                                     3.964            0.000
 class 11:                                     5.410            2.621
 class 12:                                     6.891            3.487
 class 13:                                     9.137           10.718
 class 14:                                    13.368           12.433
 class 15:                                    36.685           33.407
 class 16:                                    23.579           34.658
 class 17:                                    17.299           21.877
 class 18:                                    11.357            8.645
 class 19:                                     8.112            7.576
 class 20: dark                                8.796            9.275
 
 ======================================================================
 Maximum Fractional Saturated Area Output
 ======================================================================
 
 ......................................................................
 surface type   input grid area  output grid area
                  10**6 km**2      10**6 km**2   
 ......................................................................
 
 fmax             0.621            0.621
 all surface        510.100          510.100
 
 ======================================================================
 Urban Output
 ======================================================================
 
 ......................................................................
 surface type   input grid area  output grid area
                  10**6 km**2      10**6 km**2   
 ......................................................................
 
 urban                1.045            1.02946385
 all surface        510.100          510.100
 
 ======================================================================
 LAI Output for month            1
 ======================================================================
 
 ......................................................................
 PFT input grid area output grid area
         10**6 km**2      10**6 km**2
 ......................................................................
 
   0           0.000            0.000
   1           2.907            2.907
   2           3.392            3.392
   3           1.428            1.428
   4           4.957            4.957
   5           3.635            3.635
   6           2.208            2.208
   7           1.311            1.311
   8           0.605            0.605
   9           0.957            0.957
  10           0.987            0.987
  11           0.759            0.759
  12           0.926            0.926
  13           1.344            1.344
  14           1.307            1.307
  15           1.206            1.206
  16           0.000            0.000
 
 ======================================================================
 LAI Output for month            2
 ======================================================================
 
 ......................................................................
 PFT input grid area output grid area
         10**6 km**2      10**6 km**2
 ......................................................................
 
   0           0.000            0.000
   1           2.914            2.914
   2           3.423            3.423
   3           1.470            1.470
   4           5.023            5.023
   5           3.632            3.632
   6           2.345            2.345
   7           1.296            1.296
   8           0.545            0.545
   9           0.994            0.994
  10           1.039            1.039
  11           0.805            0.805
  12           0.916            0.916
  13           1.377            1.377
  14           1.330            1.330
  15           1.296            1.296
  16           0.000            0.000
 
 ======================================================================
 LAI Output for month            3
 ======================================================================
 
 ......................................................................
 PFT input grid area output grid area
         10**6 km**2      10**6 km**2
 ......................................................................
 
   0           0.000            0.000
   1           2.925            2.925
   2           3.447            3.447
   3           1.120            1.120
   4           5.001            5.001
   5           3.665            3.665
   6           2.329            2.329
   7           1.347            1.347
   8           0.483            0.483
   9           1.178            1.178
  10           1.084            1.084
  11           0.812            0.812
  12           0.938            0.938
  13           1.454            1.454
  14           1.454            1.454
  15           1.376            1.376
  16           0.000            0.000
 
 ======================================================================
 LAI Output for month            4
 ======================================================================
 
 ......................................................................
 PFT input grid area output grid area
         10**6 km**2      10**6 km**2
 ......................................................................
 
   0           0.000            0.000
   1           2.986            2.986
   2           3.488            3.488
   3           0.643            0.643
   4           5.118            5.118
   5           3.775            3.775
   6           2.523            2.523
   7           1.654            1.654
   8           0.446            0.446
   9           1.483            1.483
  10           1.241            1.241
  11           0.961            0.961
  12           1.216            1.216
  13           1.816            1.816
  14           1.739            1.739
  15           1.687            1.687
  16           0.000            0.000
 
 ======================================================================
 LAI Output for month            5
 ======================================================================
 
 ......................................................................
 PFT input grid area output grid area
         10**6 km**2      10**6 km**2
 ......................................................................
 
   0           0.000            0.000
   1           3.099            3.099
   2           3.665            3.665
   3           0.431            0.431
   4           5.119            5.119
   5           3.761            3.761
   6           2.520            2.520
   7           2.089            2.089
   8           0.609            0.609
   9           1.787            1.787
  10           1.456            1.456
  11           1.241            1.241
  12           1.502            1.502
  13           2.068            2.068
  14           2.001            2.001
  15           1.897            1.897
  16           0.000            0.000
 
 ======================================================================
 LAI Output for month            6
 ======================================================================
 
 ......................................................................
 PFT input grid area output grid area
         10**6 km**2      10**6 km**2
 ......................................................................
 
   0           0.000            0.000
   1           3.317            3.317
   2           3.712            3.712
   3           2.881            2.881
   4           5.062            5.062
   5           3.756            3.756
   6           2.518            2.518
   7           3.151            3.151
   8           1.673            1.673
   9           1.871            1.871
  10           1.971            1.971
  11           1.746            1.746
  12           1.986            1.986
  13           2.492            2.492
  14           2.223            2.223
  15           2.469            2.469
  16           0.000            0.000
 
 ======================================================================
 LAI Output for month            7
 ======================================================================
 
 ......................................................................
 PFT input grid area output grid area
         10**6 km**2      10**6 km**2
 ......................................................................
 
   0           0.000            0.000
   1           3.422            3.422
   2           3.736            3.736
   3           4.038            4.038
   4           5.166            5.166
   5           3.692            3.692
   6           2.713            2.713
   7           3.229            3.229
   8           2.277            2.277
   9           1.681            1.681
  10           2.156            2.156
  11           2.029            2.029
  12           2.185            2.185
  13           2.601            2.601
  14           2.249            2.249
  15           2.618            2.618
  16           0.000            0.000
 
 ======================================================================
 LAI Output for month            8
 ======================================================================
 
 ......................................................................
 PFT input grid area output grid area
         10**6 km**2      10**6 km**2
 ......................................................................
 
   0           0.000            0.000
   1           3.323            3.323
   2           3.622            3.622
   3           3.257            3.257
   4           5.311            5.311
   5           3.757            3.757
   6           2.732            2.732
   7           3.098            3.098
   8           2.280            2.280
   9           1.456            1.456
  10           2.063            2.063
  11           1.890            1.890
  12           2.099            2.099
  13           2.480            2.480
  14           2.166            2.166
  15           2.533            2.533
  16           0.000            0.000
 
 ======================================================================
 LAI Output for month            9
 ======================================================================
 
 ......................................................................
 PFT input grid area output grid area
         10**6 km**2      10**6 km**2
 ......................................................................
 
   0           0.000            0.000
   1           3.044            3.044
   2           3.480            3.480
   3           1.376            1.376
   4           5.275            5.275
   5           3.746            3.746
   6           2.829            2.829
   7           2.516            2.516
   8           1.619            1.619
   9           1.288            1.288
  10           1.826            1.826
  11           1.608            1.608
  12           1.805            1.805
  13           2.161            2.161
  14           2.039            2.039
  15           2.060            2.060
  16           0.000            0.000
