	linux-vdso.so.1 (0x00007ffd6e1c1000)
	libnetcdff.so.7 => /glade/u/apps/derecho/23.09/spack/opt/spack/netcdf/4.9.2/oneapi/2023.2.1/yzvj/lib/libnetcdff.so.7 (0x00007fb1f22a9000)
	libnetcdf.so.19 => /glade/u/apps/derecho/23.09/spack/opt/spack/netcdf/4.9.2/oneapi/2023.2.1/yzvj/lib/libnetcdf.so.19 (0x00007fb1f1e5d000)
	libm.so.6 => /lib64/libm.so.6 (0x00007fb1f1b12000)
	libpmi.so.0 => /opt/cray/pe/pmi/6.1.12/lib/libpmi.so.0 (0x00007fb1f1910000)
	libpmi2.so.0 => /opt/cray/pe/pmi/6.1.12/lib/libpmi2.so.0 (0x00007fb1f16ee000)
	libpthread.so.0 => /lib64/libpthread.so.0 (0x00007fb1f14cb000)
	libpals.so.0 => /opt/cray/pe/pals/1.2.12/lib/libpals.so.0 (0x00007fb1f12c3000)
	libmpifort_intel.so.12 => /opt/cray/pe/mpich/8.1.27/ofi/intel/2022.1/lib/libmpifort_intel.so.12 (0x00007fb1f1020000)
	libmpi_intel.so.12 => /opt/cray/pe/mpich/8.1.27/ofi/intel/2022.1/lib/libmpi_intel.so.12 (0x00007fb1ee2a9000)
	librt.so.1 => /lib64/librt.so.1 (0x00007fb1ee0a0000)
	libc.so.6 => /lib64/libc.so.6 (0x00007fb1edcab000)
	libgcc_s.so.1 => /lib64/libgcc_s.so.1 (0x00007fb1eda92000)
	libdl.so.2 => /lib64/libdl.so.2 (0x00007fb1ed88e000)
	libifport.so.5 => /glade/u/apps/common/23.08/spack/opt/spack/intel-oneapi-compilers/2023.2.1/compiler/2023.2.1/linux/compiler/lib/intel64_lin/libifport.so.5 (0x00007fb1f2a63000)
	libifcoremt.so.5 => /glade/u/apps/common/23.08/spack/opt/spack/intel-oneapi-compilers/2023.2.1/compiler/2023.2.1/linux/compiler/lib/intel64_lin/libifcoremt.so.5 (0x00007fb1f28d7000)
	libimf.so => /glade/u/apps/common/23.08/spack/opt/spack/intel-oneapi-compilers/2023.2.1/compiler/2023.2.1/linux/compiler/lib/intel64_lin/libimf.so (0x00007fb1ed497000)
	libsvml.so => /glade/u/apps/common/23.08/spack/opt/spack/intel-oneapi-compilers/2023.2.1/compiler/2023.2.1/linux/compiler/lib/intel64_lin/libsvml.so (0x00007fb1ebdbd000)
	libintlc.so.5 => /glade/u/apps/common/23.08/spack/opt/spack/intel-oneapi-compilers/2023.2.1/compiler/2023.2.1/linux/compiler/lib/intel64_lin/libintlc.so.5 (0x00007fb1ebd40000)
	libhdf5_hl.so.200 => /glade/u/apps/derecho/23.09/spack/opt/spack/hdf5/1.12.2/oneapi/2023.2.1/4ybq/lib/libhdf5_hl.so.200 (0x00007fb1ebb1c000)
	libhdf5.so.200 => /glade/u/apps/derecho/23.09/spack/opt/spack/hdf5/1.12.2/oneapi/2023.2.1/4ybq/lib/libhdf5.so.200 (0x00007fb1eb48f000)
	libz.so.1 => /glade/u/apps/derecho/23.09/spack/opt/spack/zlib/1.2.13/gcc/7.5.0/g42i/lib/libz.so.1 (0x00007fb1eb277000)
	libsz.so.2 => /glade/u/apps/derecho/23.09/spack/opt/spack/libszip/2.1.1/gcc/7.5.0/cg5o/lib/libsz.so.2 (0x00007fb1eb063000)
	libbz2.so.1.0 => /glade/u/apps/derecho/23.09/spack/opt/spack/bzip2/1.0.8/gcc/7.5.0/adam/lib/libbz2.so.1.0 (0x00007fb1eae52000)
	libzstd.so.1 => /glade/u/apps/derecho/23.09/spack/opt/spack/zstd/1.5.5/gcc/7.5.0/lvnw/lib/libzstd.so.1 (0x00007fb1eab64000)
	libblosc.so.1 => /glade/u/apps/derecho/23.09/spack/opt/spack/c-blosc/1.21.4/gcc/7.5.0/da6s/lib64/libblosc.so.1 (0x00007fb1ea952000)
	libxml2.so.2 => /glade/u/apps/derecho/23.09/spack/opt/spack/libxml2/2.10.3/gcc/7.5.0/p2qi/lib/libxml2.so.2 (0x00007fb1ea5f3000)
	libcurl.so.4 => /glade/u/apps/derecho/23.09/spack/opt/spack/curl/8.1.2/gcc/7.5.0/uq6y/lib/libcurl.so.4 (0x00007fb1ea34a000)
	libirng.so => /glade/u/apps/common/23.08/spack/opt/spack/intel-oneapi-compilers/2023.2.1/compiler/2023.2.1/linux/compiler/lib/intel64_lin/libirng.so (0x00007fb1ea031000)
	/lib64/ld-linux-x86-64.so.2 (0x00007fb1f2892000)
	libjansson.so.4 => /usr/lib64/libjansson.so.4 (0x00007fb1e9e23000)
	libifcore.so.5 => /glade/u/apps/common/23.08/spack/opt/spack/intel-oneapi-compilers/2023.2.1/compiler/2023.2.1/linux/compiler/lib/intel64_lin/libifcore.so.5 (0x00007fb1e9cce000)
	libfabric.so.1 => /opt/cray/libfabric/1.15.2.0/lib64/libfabric.so.1 (0x00007fb1e99cf000)
	libatomic.so.1 => /usr/lib64/libatomic.so.1 (0x00007fb1e97c6000)
	liblz4.so.1 => /glade/u/apps/derecho/23.09/spack/opt/spack/lz4/1.9.4/gcc/7.5.0/qdap/lib/liblz4.so.1 (0x00007fb1e958c000)
	liblzma.so.5 => /glade/u/apps/derecho/23.09/spack/opt/spack/xz/5.4.1/gcc/7.5.0/fvgu/lib/liblzma.so.5 (0x00007fb1e935e000)
	libiconv.so.2 => /glade/u/apps/derecho/23.09/spack/opt/spack/libiconv/1.17/gcc/7.5.0/k4pm/lib/libiconv.so.2 (0x00007fb1e9054000)
	libnghttp2.so.14 => /glade/u/apps/derecho/23.09/spack/opt/spack/nghttp2/1.48.0/gcc/7.5.0/k6lz/lib/libnghttp2.so.14 (0x00007fb1e8e28000)
	libidn2.so.0 => /glade/u/apps/derecho/23.09/spack/opt/spack/libidn2/2.3.4/gcc/7.5.0/h3px/lib/libidn2.so.0 (0x00007fb1e8bf8000)
	libssh2.so.1 => /glade/u/apps/derecho/23.09/spack/opt/spack/libssh2/1.10.0/gcc/7.5.0/qgbb/lib/libssh2.so.1 (0x00007fb1e89ba000)
	libmbedtls.so.14 => /glade/u/apps/derecho/23.09/spack/opt/spack/mbedtls/2.28.2/gcc/7.5.0/xeqd/lib/libmbedtls.so.14 (0x00007fb1e8789000)
	libmbedx509.so.1 => /glade/u/apps/derecho/23.09/spack/opt/spack/mbedtls/2.28.2/gcc/7.5.0/xeqd/lib/libmbedx509.so.1 (0x00007fb1e8568000)
	libmbedcrypto.so.7 => /glade/u/apps/derecho/23.09/spack/opt/spack/mbedtls/2.28.2/gcc/7.5.0/xeqd/lib/libmbedcrypto.so.7 (0x00007fb1e82e5000)
	libssl.so.1.1 => /usr/lib64/libssl.so.1.1 (0x00007fb1e8047000)
	libcrypto.so.1.1 => /usr/lib64/libcrypto.so.1.1 (0x00007fb1e7b08000)
	libcxi.so.1 => /usr/lib64/libcxi.so.1 (0x00007fb1e78e3000)
	libjson-c.so.3 => /usr/lib64/libjson-c.so.3 (0x00007fb1e76d3000)
	libunistring.so.5 => /glade/u/apps/derecho/23.09/spack/opt/spack/libunistring/1.1/gcc/7.5.0/222j/lib/libunistring.so.5 (0x00007fb1e7327000)
	libjitterentropy.so.3 => /usr/lib64/libjitterentropy.so.3 (0x00007fb1e7120000)
	libnl-3.so.200 => /usr/lib64/libnl-3.so.200 (0x00007fb1e6efe000)
